{"total": {"lines":{"total":93,"covered":69,"skipped":0,"pct":74.19},"statements":{"total":101,"covered":72,"skipped":0,"pct":71.29},"functions":{"total":15,"covered":11,"skipped":0,"pct":73.33},"branches":{"total":45,"covered":29,"skipped":0,"pct":64.44}}
,"/parse-server/cloud/src/PCReport.js": {"lines":{"total":89,"covered":65,"skipped":0,"pct":73.03},"functions":{"total":12,"covered":9,"skipped":0,"pct":75},"statements":{"total":97,"covered":68,"skipped":0,"pct":70.1},"branches":{"total":45,"covered":29,"skipped":0,"pct":64.44}}
,"/parse-server/cloud/src/PCReportError.js": {"lines":{"total":3,"covered":3,"skipped":0,"pct":100},"functions":{"total":3,"covered":2,"skipped":0,"pct":66.67},"statements":{"total":3,"covered":3,"skipped":0,"pct":100},"branches":{"total":0,"covered":0,"skipped":0,"pct":100}}
,"/parse-server/cloud/src/main.js": {"lines":{"total":1,"covered":1,"skipped":0,"pct":100},"functions":{"total":0,"covered":0,"skipped":0,"pct":100},"statements":{"total":1,"covered":1,"skipped":0,"pct":100},"branches":{"total":0,"covered":0,"skipped":0,"pct":100}}
}
